<?xml version="1.0" encoding="UTF-8"?>
<coverage generated="1746005868206" clover="3.2.0">
  <project timestamp="1746005868206" name="All files">
    <metrics statements="86" coveredstatements="86" conditionals="36" coveredconditionals="34" methods="21" coveredmethods="20" elements="143" coveredelements="140" complexity="0" loc="86" ncloc="86" packages="2" files="3" classes="3"/>
    <package name="src">
      <metrics statements="12" coveredstatements="12" conditionals="0" coveredconditionals="0" methods="1" coveredmethods="1"/>
      <file name="app.js" path="C:\batch4\src\app.js">
        <metrics statements="12" coveredstatements="12" conditionals="0" coveredconditionals="0" methods="1" coveredmethods="1"/>
        <line num="1" count="3" type="stmt"/>
        <line num="2" count="3" type="stmt"/>
        <line num="3" count="3" type="stmt"/>
        <line num="4" count="3" type="stmt"/>
        <line num="7" count="3" type="stmt"/>
        <line num="8" count="3" type="stmt"/>
        <line num="11" count="3" type="stmt"/>
        <line num="14" count="3" type="stmt"/>
        <line num="15" count="3" type="stmt"/>
        <line num="18" count="3" type="stmt"/>
        <line num="19" count="3" type="stmt"/>
        <line num="21" count="3" type="stmt"/>
      </file>
    </package>
    <package name="src.route">
      <metrics statements="74" coveredstatements="74" conditionals="36" coveredconditionals="34" methods="20" coveredmethods="19"/>
      <file name="UserRoute.js" path="C:\batch4\src\route\UserRoute.js">
        <metrics statements="37" coveredstatements="37" conditionals="18" coveredconditionals="17" methods="10" coveredmethods="10"/>
        <line num="1" count="3" type="stmt"/>
        <line num="2" count="3" type="stmt"/>
        <line num="3" count="10" type="stmt"/>
        <line num="7" count="3" type="stmt"/>
        <line num="10" count="3" type="cond" truecount="1" falsecount="0"/>
        <line num="11" count="23" type="stmt"/>
        <line num="19" count="3" type="stmt"/>
        <line num="20" count="12" type="stmt"/>
        <line num="22" count="12" type="cond" truecount="5" falsecount="0"/>
        <line num="23" count="3" type="stmt"/>
        <line num="26" count="9" type="stmt"/>
        <line num="33" count="9" type="stmt"/>
        <line num="34" count="9" type="stmt"/>
        <line num="38" count="3" type="stmt"/>
        <line num="39" count="2" type="stmt"/>
        <line num="43" count="3" type="stmt"/>
        <line num="44" count="5" type="stmt"/>
        <line num="46" count="3" type="cond" truecount="2" falsecount="0"/>
        <line num="47" count="1" type="stmt"/>
        <line num="50" count="2" type="stmt"/>
        <line num="54" count="3" type="stmt"/>
        <line num="55" count="3" type="stmt"/>
        <line num="56" count="7" type="stmt"/>
        <line num="58" count="3" type="cond" truecount="2" falsecount="0"/>
        <line num="59" count="1" type="stmt"/>
        <line num="62" count="2" type="cond" truecount="1" falsecount="1"/>
        <line num="63" count="2" type="cond" truecount="2" falsecount="0"/>
        <line num="64" count="2" type="cond" truecount="2" falsecount="0"/>
        <line num="66" count="2" type="stmt"/>
        <line num="70" count="3" type="stmt"/>
        <line num="71" count="8" type="stmt"/>
        <line num="73" count="3" type="cond" truecount="2" falsecount="0"/>
        <line num="74" count="1" type="stmt"/>
        <line num="77" count="2" type="stmt"/>
        <line num="78" count="2" type="stmt"/>
        <line num="82" count="3" type="stmt"/>
        <line num="83" count="3" type="stmt"/>
      </file>
      <file name="postRoute.js" path="C:\batch4\src\route\postRoute.js">
        <metrics statements="37" coveredstatements="37" conditionals="18" coveredconditionals="17" methods="10" coveredmethods="9"/>
        <line num="1" count="3" type="stmt"/>
        <line num="2" count="3" type="stmt"/>
        <line num="3" count="3" type="stmt"/>
        <line num="4" count="3" type="stmt"/>
        <line num="5" count="3" type="cond" truecount="1" falsecount="0"/>
        <line num="6" count="23" type="stmt"/>
        <line num="14" count="3" type="stmt"/>
        <line num="15" count="12" type="stmt"/>
        <line num="17" count="12" type="cond" truecount="5" falsecount="0"/>
        <line num="18" count="3" type="stmt"/>
        <line num="21" count="9" type="stmt"/>
        <line num="29" count="9" type="stmt"/>
        <line num="30" count="9" type="stmt"/>
        <line num="34" count="3" type="stmt"/>
        <line num="35" count="2" type="stmt"/>
        <line num="39" count="3" type="stmt"/>
        <line num="40" count="7" type="stmt"/>
        <line num="42" count="3" type="cond" truecount="2" falsecount="0"/>
        <line num="43" count="1" type="stmt"/>
        <line num="46" count="2" type="stmt"/>
        <line num="53" count="3" type="stmt"/>
        <line num="54" count="3" type="stmt"/>
        <line num="55" count="10" type="stmt"/>
        <line num="58" count="3" type="cond" truecount="2" falsecount="0"/>
        <line num="59" count="1" type="stmt"/>
        <line num="62" count="2" type="cond" truecount="1" falsecount="1"/>
        <line num="63" count="2" type="cond" truecount="2" falsecount="0"/>
        <line num="64" count="2" type="cond" truecount="2" falsecount="0"/>
        <line num="66" count="2" type="stmt"/>
        <line num="70" count="3" type="stmt"/>
        <line num="71" count="12" type="stmt"/>
        <line num="73" count="3" type="cond" truecount="2" falsecount="0"/>
        <line num="74" count="1" type="stmt"/>
        <line num="77" count="2" type="stmt"/>
        <line num="78" count="2" type="stmt"/>
        <line num="82" count="3" type="stmt"/>
        <line num="83" count="3" type="stmt"/>
      </file>
    </package>
  </project>
</coverage>
