{"C:\\batch4\\src\\app.js": {"path":"C:\\batch4\\src\\app.js","statementMap":{"0":{"start":{"line":1,"column":16},"end":{"line":1,"column":34}},"1":{"start":{"line":2,"column":19},"end":{"line":2,"column":41}},"2":{"start":{"line":3,"column":19},"end":{"line":3,"column":47}},"3":{"start":{"line":4,"column":19},"end":{"line":4,"column":47}},"4":{"start":{"line":7,"column":12},"end":{"line":7,"column":21}},"5":{"start":{"line":8,"column":13},"end":{"line":8,"column":17}},"6":{"start":{"line":11,"column":0},"end":{"line":11,"column":27}},"7":{"start":{"line":14,"column":0},"end":{"line":14,"column":30}},"8":{"start":{"line":15,"column":0},"end":{"line":15,"column":30}},"9":{"start":{"line":18,"column":0},"end":{"line":20,"column":3}},"10":{"start":{"line":19,"column":4},"end":{"line":19,"column":65}},"11":{"start":{"line":21,"column":0},"end":{"line":21,"column":21}}},"fnMap":{"0":{"name":"(anonymous_0)","decl":{"start":{"line":18,"column":17},"end":{"line":18,"column":18}},"loc":{"start":{"line":18,"column":23},"end":{"line":20,"column":1}},"line":18}},"branchMap":{},"s":{"0":3,"1":3,"2":3,"3":3,"4":3,"5":3,"6":3,"7":3,"8":3,"9":3,"10":3,"11":3},"f":{"0":3},"b":{},"_coverageSchema":"1a1c01bbd47fc00a2c39e90264f33305004495a9","hash":"0ec4caff910ff8f6356ec233e94ad1522597a6e7"}
,"C:\\batch4\\src\\route\\UserRoute.js": {"path":"C:\\batch4\\src\\route\\UserRoute.js","statementMap":{"0":{"start":{"line":1,"column":16},"end":{"line":1,"column":34}},"1":{"start":{"line":2,"column":15},"end":{"line":2,"column":31}},"2":{"start":{"line":3,"column":19},"end":{"line":3,"column":40}},"3":{"start":{"line":3,"column":27},"end":{"line":3,"column":38}},"4":{"start":{"line":7,"column":12},"end":{"line":7,"column":14}},"5":{"start":{"line":10,"column":21},"end":{"line":16,"column":1}},"6":{"start":{"line":11,"column":4},"end":{"line":15,"column":7}},"7":{"start":{"line":19,"column":0},"end":{"line":35,"column":3}},"8":{"start":{"line":20,"column":33},"end":{"line":20,"column":41}},"9":{"start":{"line":22,"column":4},"end":{"line":24,"column":5}},"10":{"start":{"line":23,"column":8},"end":{"line":23,"column":75}},"11":{"start":{"line":26,"column":17},"end":{"line":31,"column":5}},"12":{"start":{"line":33,"column":4},"end":{"line":33,"column":21}},"13":{"start":{"line":34,"column":4},"end":{"line":34,"column":69}},"14":{"start":{"line":38,"column":0},"end":{"line":40,"column":3}},"15":{"start":{"line":39,"column":4},"end":{"line":39,"column":73}},"16":{"start":{"line":43,"column":0},"end":{"line":51,"column":3}},"17":{"start":{"line":44,"column":17},"end":{"line":44,"column":68}},"18":{"start":{"line":44,"column":35},"end":{"line":44,"column":67}},"19":{"start":{"line":46,"column":4},"end":{"line":48,"column":5}},"20":{"start":{"line":47,"column":8},"end":{"line":47,"column":56}},"21":{"start":{"line":50,"column":4},"end":{"line":50,"column":71}},"22":{"start":{"line":54,"column":0},"end":{"line":67,"column":3}},"23":{"start":{"line":55,"column":33},"end":{"line":55,"column":41}},"24":{"start":{"line":56,"column":17},"end":{"line":56,"column":68}},"25":{"start":{"line":56,"column":35},"end":{"line":56,"column":67}},"26":{"start":{"line":58,"column":4},"end":{"line":60,"column":5}},"27":{"start":{"line":59,"column":8},"end":{"line":59,"column":56}},"28":{"start":{"line":62,"column":4},"end":{"line":62,"column":31}},"29":{"start":{"line":62,"column":14},"end":{"line":62,"column":31}},"30":{"start":{"line":63,"column":4},"end":{"line":63,"column":34}},"31":{"start":{"line":63,"column":15},"end":{"line":63,"column":34}},"32":{"start":{"line":64,"column":4},"end":{"line":64,"column":28}},"33":{"start":{"line":64,"column":13},"end":{"line":64,"column":28}},"34":{"start":{"line":66,"column":4},"end":{"line":66,"column":69}},"35":{"start":{"line":70,"column":0},"end":{"line":79,"column":3}},"36":{"start":{"line":71,"column":22},"end":{"line":71,"column":78}},"37":{"start":{"line":71,"column":45},"end":{"line":71,"column":77}},"38":{"start":{"line":73,"column":4},"end":{"line":75,"column":5}},"39":{"start":{"line":74,"column":8},"end":{"line":74,"column":56}},"40":{"start":{"line":77,"column":4},"end":{"line":77,"column":31}},"41":{"start":{"line":78,"column":4},"end":{"line":78,"column":63}},"42":{"start":{"line":82,"column":0},"end":{"line":82,"column":24}},"43":{"start":{"line":83,"column":0},"end":{"line":83,"column":41}}},"fnMap":{"0":{"name":"(anonymous_0)","decl":{"start":{"line":3,"column":19},"end":{"line":3,"column":20}},"loc":{"start":{"line":3,"column":25},"end":{"line":3,"column":40}},"line":3},"1":{"name":"(anonymous_1)","decl":{"start":{"line":10,"column":21},"end":{"line":10,"column":22}},"loc":{"start":{"line":10,"column":64},"end":{"line":16,"column":1}},"line":10},"2":{"name":"(anonymous_2)","decl":{"start":{"line":19,"column":17},"end":{"line":19,"column":18}},"loc":{"start":{"line":19,"column":31},"end":{"line":35,"column":1}},"line":19},"3":{"name":"(anonymous_3)","decl":{"start":{"line":38,"column":16},"end":{"line":38,"column":17}},"loc":{"start":{"line":38,"column":30},"end":{"line":40,"column":1}},"line":38},"4":{"name":"(anonymous_4)","decl":{"start":{"line":43,"column":19},"end":{"line":43,"column":20}},"loc":{"start":{"line":43,"column":33},"end":{"line":51,"column":1}},"line":43},"5":{"name":"(anonymous_5)","decl":{"start":{"line":44,"column":28},"end":{"line":44,"column":29}},"loc":{"start":{"line":44,"column":35},"end":{"line":44,"column":67}},"line":44},"6":{"name":"(anonymous_6)","decl":{"start":{"line":54,"column":19},"end":{"line":54,"column":20}},"loc":{"start":{"line":54,"column":33},"end":{"line":67,"column":1}},"line":54},"7":{"name":"(anonymous_7)","decl":{"start":{"line":56,"column":28},"end":{"line":56,"column":29}},"loc":{"start":{"line":56,"column":35},"end":{"line":56,"column":67}},"line":56},"8":{"name":"(anonymous_8)","decl":{"start":{"line":70,"column":22},"end":{"line":70,"column":23}},"loc":{"start":{"line":70,"column":36},"end":{"line":79,"column":1}},"line":70},"9":{"name":"(anonymous_9)","decl":{"start":{"line":71,"column":38},"end":{"line":71,"column":39}},"loc":{"start":{"line":71,"column":45},"end":{"line":71,"column":77}},"line":71}},"branchMap":{"0":{"loc":{"start":{"line":10,"column":48},"end":{"line":10,"column":59}},"type":"default-arg","locations":[{"start":{"line":10,"column":55},"end":{"line":10,"column":59}}],"line":10},"1":{"loc":{"start":{"line":22,"column":4},"end":{"line":24,"column":5}},"type":"if","locations":[{"start":{"line":22,"column":4},"end":{"line":24,"column":5}},{"start":{},"end":{}}],"line":22},"2":{"loc":{"start":{"line":22,"column":8},"end":{"line":22,"column":31}},"type":"binary-expr","locations":[{"start":{"line":22,"column":8},"end":{"line":22,"column":13}},{"start":{"line":22,"column":17},"end":{"line":22,"column":23}},{"start":{"line":22,"column":27},"end":{"line":22,"column":31}}],"line":22},"3":{"loc":{"start":{"line":46,"column":4},"end":{"line":48,"column":5}},"type":"if","locations":[{"start":{"line":46,"column":4},"end":{"line":48,"column":5}},{"start":{},"end":{}}],"line":46},"4":{"loc":{"start":{"line":58,"column":4},"end":{"line":60,"column":5}},"type":"if","locations":[{"start":{"line":58,"column":4},"end":{"line":60,"column":5}},{"start":{},"end":{}}],"line":58},"5":{"loc":{"start":{"line":62,"column":4},"end":{"line":62,"column":31}},"type":"if","locations":[{"start":{"line":62,"column":4},"end":{"line":62,"column":31}},{"start":{},"end":{}}],"line":62},"6":{"loc":{"start":{"line":63,"column":4},"end":{"line":63,"column":34}},"type":"if","locations":[{"start":{"line":63,"column":4},"end":{"line":63,"column":34}},{"start":{},"end":{}}],"line":63},"7":{"loc":{"start":{"line":64,"column":4},"end":{"line":64,"column":28}},"type":"if","locations":[{"start":{"line":64,"column":4},"end":{"line":64,"column":28}},{"start":{},"end":{}}],"line":64},"8":{"loc":{"start":{"line":73,"column":4},"end":{"line":75,"column":5}},"type":"if","locations":[{"start":{"line":73,"column":4},"end":{"line":75,"column":5}},{"start":{},"end":{}}],"line":73}},"s":{"0":3,"1":3,"2":3,"3":10,"4":3,"5":3,"6":23,"7":3,"8":12,"9":12,"10":3,"11":9,"12":9,"13":9,"14":3,"15":2,"16":3,"17":3,"18":5,"19":3,"20":1,"21":2,"22":3,"23":3,"24":3,"25":7,"26":3,"27":1,"28":2,"29":2,"30":2,"31":1,"32":2,"33":1,"34":2,"35":3,"36":3,"37":8,"38":3,"39":1,"40":2,"41":2,"42":3,"43":3},"f":{"0":10,"1":23,"2":12,"3":2,"4":3,"5":5,"6":3,"7":7,"8":3,"9":8},"b":{"0":[8],"1":[3,9],"2":[12,11,10],"3":[1,2],"4":[1,2],"5":[2,0],"6":[1,1],"7":[1,1],"8":[1,2]},"_coverageSchema":"1a1c01bbd47fc00a2c39e90264f33305004495a9","hash":"37b2f352e6b282511eb5c7b029cc9f22613d3989"}
,"C:\\batch4\\src\\route\\postRoute.js": {"path":"C:\\batch4\\src\\route\\postRoute.js","statementMap":{"0":{"start":{"line":1,"column":16},"end":{"line":1,"column":34}},"1":{"start":{"line":2,"column":15},"end":{"line":2,"column":31}},"2":{"start":{"line":3,"column":19},"end":{"line":3,"column":40}},"3":{"start":{"line":3,"column":27},"end":{"line":3,"column":38}},"4":{"start":{"line":4,"column":12},"end":{"line":4,"column":14}},"5":{"start":{"line":5,"column":21},"end":{"line":11,"column":1}},"6":{"start":{"line":6,"column":4},"end":{"line":10,"column":7}},"7":{"start":{"line":14,"column":0},"end":{"line":31,"column":3}},"8":{"start":{"line":15,"column":39},"end":{"line":15,"column":47}},"9":{"start":{"line":17,"column":4},"end":{"line":19,"column":5}},"10":{"start":{"line":18,"column":8},"end":{"line":18,"column":81}},"11":{"start":{"line":21,"column":17},"end":{"line":27,"column":5}},"12":{"start":{"line":29,"column":4},"end":{"line":29,"column":21}},"13":{"start":{"line":30,"column":4},"end":{"line":30,"column":69}},"14":{"start":{"line":34,"column":0},"end":{"line":36,"column":3}},"15":{"start":{"line":35,"column":4},"end":{"line":35,"column":73}},"16":{"start":{"line":39,"column":0},"end":{"line":50,"column":3}},"17":{"start":{"line":40,"column":17},"end":{"line":40,"column":68}},"18":{"start":{"line":40,"column":35},"end":{"line":40,"column":67}},"19":{"start":{"line":42,"column":4},"end":{"line":44,"column":5}},"20":{"start":{"line":43,"column":8},"end":{"line":43,"column":56}},"21":{"start":{"line":46,"column":4},"end":{"line":46,"column":71}},"22":{"start":{"line":53,"column":0},"end":{"line":67,"column":3}},"23":{"start":{"line":54,"column":39},"end":{"line":54,"column":47}},"24":{"start":{"line":55,"column":17},"end":{"line":55,"column":68}},"25":{"start":{"line":55,"column":35},"end":{"line":55,"column":67}},"26":{"start":{"line":58,"column":4},"end":{"line":60,"column":5}},"27":{"start":{"line":59,"column":8},"end":{"line":59,"column":56}},"28":{"start":{"line":62,"column":4},"end":{"line":62,"column":34}},"29":{"start":{"line":62,"column":15},"end":{"line":62,"column":34}},"30":{"start":{"line":63,"column":4},"end":{"line":63,"column":40}},"31":{"start":{"line":63,"column":17},"end":{"line":63,"column":40}},"32":{"start":{"line":64,"column":4},"end":{"line":64,"column":37}},"33":{"start":{"line":64,"column":16},"end":{"line":64,"column":37}},"34":{"start":{"line":66,"column":4},"end":{"line":66,"column":69}},"35":{"start":{"line":70,"column":0},"end":{"line":79,"column":3}},"36":{"start":{"line":71,"column":22},"end":{"line":71,"column":78}},"37":{"start":{"line":71,"column":45},"end":{"line":71,"column":77}},"38":{"start":{"line":73,"column":4},"end":{"line":75,"column":5}},"39":{"start":{"line":74,"column":8},"end":{"line":74,"column":56}},"40":{"start":{"line":77,"column":4},"end":{"line":77,"column":31}},"41":{"start":{"line":78,"column":4},"end":{"line":78,"column":73}},"42":{"start":{"line":82,"column":0},"end":{"line":82,"column":24}},"43":{"start":{"line":83,"column":0},"end":{"line":83,"column":41}}},"fnMap":{"0":{"name":"(anonymous_0)","decl":{"start":{"line":3,"column":19},"end":{"line":3,"column":20}},"loc":{"start":{"line":3,"column":25},"end":{"line":3,"column":40}},"line":3},"1":{"name":"(anonymous_1)","decl":{"start":{"line":5,"column":21},"end":{"line":5,"column":22}},"loc":{"start":{"line":5,"column":64},"end":{"line":11,"column":1}},"line":5},"2":{"name":"(anonymous_2)","decl":{"start":{"line":14,"column":17},"end":{"line":14,"column":18}},"loc":{"start":{"line":14,"column":31},"end":{"line":31,"column":1}},"line":14},"3":{"name":"(anonymous_3)","decl":{"start":{"line":34,"column":16},"end":{"line":34,"column":17}},"loc":{"start":{"line":34,"column":30},"end":{"line":36,"column":1}},"line":34},"4":{"name":"(anonymous_4)","decl":{"start":{"line":39,"column":19},"end":{"line":39,"column":20}},"loc":{"start":{"line":39,"column":33},"end":{"line":50,"column":1}},"line":39},"5":{"name":"(anonymous_5)","decl":{"start":{"line":40,"column":28},"end":{"line":40,"column":29}},"loc":{"start":{"line":40,"column":35},"end":{"line":40,"column":67}},"line":40},"6":{"name":"(anonymous_6)","decl":{"start":{"line":53,"column":19},"end":{"line":53,"column":20}},"loc":{"start":{"line":53,"column":33},"end":{"line":67,"column":1}},"line":53},"7":{"name":"(anonymous_7)","decl":{"start":{"line":55,"column":28},"end":{"line":55,"column":29}},"loc":{"start":{"line":55,"column":35},"end":{"line":55,"column":67}},"line":55},"8":{"name":"(anonymous_8)","decl":{"start":{"line":70,"column":22},"end":{"line":70,"column":23}},"loc":{"start":{"line":70,"column":36},"end":{"line":79,"column":1}},"line":70},"9":{"name":"(anonymous_9)","decl":{"start":{"line":71,"column":38},"end":{"line":71,"column":39}},"loc":{"start":{"line":71,"column":45},"end":{"line":71,"column":77}},"line":71}},"branchMap":{"0":{"loc":{"start":{"line":5,"column":48},"end":{"line":5,"column":59}},"type":"default-arg","locations":[{"start":{"line":5,"column":55},"end":{"line":5,"column":59}}],"line":5},"1":{"loc":{"start":{"line":17,"column":4},"end":{"line":19,"column":5}},"type":"if","locations":[{"start":{"line":17,"column":4},"end":{"line":19,"column":5}},{"start":{},"end":{}}],"line":17},"2":{"loc":{"start":{"line":17,"column":8},"end":{"line":17,"column":37}},"type":"binary-expr","locations":[{"start":{"line":17,"column":8},"end":{"line":17,"column":14}},{"start":{"line":17,"column":18},"end":{"line":17,"column":26}},{"start":{"line":17,"column":30},"end":{"line":17,"column":37}}],"line":17},"3":{"loc":{"start":{"line":42,"column":4},"end":{"line":44,"column":5}},"type":"if","locations":[{"start":{"line":42,"column":4},"end":{"line":44,"column":5}},{"start":{},"end":{}}],"line":42},"4":{"loc":{"start":{"line":58,"column":4},"end":{"line":60,"column":5}},"type":"if","locations":[{"start":{"line":58,"column":4},"end":{"line":60,"column":5}},{"start":{},"end":{}}],"line":58},"5":{"loc":{"start":{"line":62,"column":4},"end":{"line":62,"column":34}},"type":"if","locations":[{"start":{"line":62,"column":4},"end":{"line":62,"column":34}},{"start":{},"end":{}}],"line":62},"6":{"loc":{"start":{"line":63,"column":4},"end":{"line":63,"column":40}},"type":"if","locations":[{"start":{"line":63,"column":4},"end":{"line":63,"column":40}},{"start":{},"end":{}}],"line":63},"7":{"loc":{"start":{"line":64,"column":4},"end":{"line":64,"column":37}},"type":"if","locations":[{"start":{"line":64,"column":4},"end":{"line":64,"column":37}},{"start":{},"end":{}}],"line":64},"8":{"loc":{"start":{"line":73,"column":4},"end":{"line":75,"column":5}},"type":"if","locations":[{"start":{"line":73,"column":4},"end":{"line":75,"column":5}},{"start":{},"end":{}}],"line":73}},"s":{"0":3,"1":3,"2":3,"3":0,"4":3,"5":3,"6":23,"7":3,"8":12,"9":12,"10":3,"11":9,"12":9,"13":9,"14":3,"15":2,"16":3,"17":3,"18":7,"19":3,"20":1,"21":2,"22":3,"23":3,"24":3,"25":10,"26":3,"27":1,"28":2,"29":2,"30":2,"31":1,"32":2,"33":1,"34":2,"35":3,"36":3,"37":12,"38":3,"39":1,"40":2,"41":2,"42":3,"43":3},"f":{"0":0,"1":23,"2":12,"3":2,"4":3,"5":7,"6":3,"7":10,"8":3,"9":12},"b":{"0":[6],"1":[3,9],"2":[12,11,10],"3":[1,2],"4":[1,2],"5":[2,0],"6":[1,1],"7":[1,1],"8":[1,2]},"_coverageSchema":"1a1c01bbd47fc00a2c39e90264f33305004495a9","hash":"9af1170d3f813f9266f882e6df09fff22a1d7760"}
}
