TN:
SF:src\app.js
FN:18,(anonymous_0)
FNF:1
FNH:1
FNDA:3,(anonymous_0)
DA:1,3
DA:2,3
DA:3,3
DA:4,3
DA:7,3
DA:8,3
DA:11,3
DA:14,3
DA:15,3
DA:18,3
DA:19,3
DA:21,3
LF:12
LH:12
BRF:0
BRH:0
end_of_record
TN:
SF:src\route\UserRoute.js
FN:3,(anonymous_0)
FN:10,(anonymous_1)
FN:19,(anonymous_2)
FN:38,(anonymous_3)
FN:43,(anonymous_4)
FN:44,(anonymous_5)
FN:54,(anonymous_6)
FN:56,(anonymous_7)
FN:70,(anonymous_8)
FN:71,(anonymous_9)
FNF:10
FNH:10
FNDA:10,(anonymous_0)
FNDA:23,(anonymous_1)
FNDA:12,(anonymous_2)
FNDA:2,(anonymous_3)
FNDA:3,(anonymous_4)
FNDA:5,(anonymous_5)
FNDA:3,(anonymous_6)
FNDA:7,(anonymous_7)
FNDA:3,(anonymous_8)
FNDA:8,(anonymous_9)
DA:1,3
DA:2,3
DA:3,10
DA:7,3
DA:10,3
DA:11,23
DA:19,3
DA:20,12
DA:22,12
DA:23,3
DA:26,9
DA:33,9
DA:34,9
DA:38,3
DA:39,2
DA:43,3
DA:44,5
DA:46,3
DA:47,1
DA:50,2
DA:54,3
DA:55,3
DA:56,7
DA:58,3
DA:59,1
DA:62,2
DA:63,2
DA:64,2
DA:66,2
DA:70,3
DA:71,8
DA:73,3
DA:74,1
DA:77,2
DA:78,2
DA:82,3
DA:83,3
LF:37
LH:37
BRDA:10,0,0,8
BRDA:22,1,0,3
BRDA:22,1,1,9
BRDA:22,2,0,12
BRDA:22,2,1,11
BRDA:22,2,2,10
BRDA:46,3,0,1
BRDA:46,3,1,2
BRDA:58,4,0,1
BRDA:58,4,1,2
BRDA:62,5,0,2
BRDA:62,5,1,0
BRDA:63,6,0,1
BRDA:63,6,1,1
BRDA:64,7,0,1
BRDA:64,7,1,1
BRDA:73,8,0,1
BRDA:73,8,1,2
BRF:18
BRH:17
end_of_record
TN:
SF:src\route\postRoute.js
FN:3,(anonymous_0)
FN:5,(anonymous_1)
FN:14,(anonymous_2)
FN:34,(anonymous_3)
FN:39,(anonymous_4)
FN:40,(anonymous_5)
FN:53,(anonymous_6)
FN:55,(anonymous_7)
FN:70,(anonymous_8)
FN:71,(anonymous_9)
FNF:10
FNH:9
FNDA:0,(anonymous_0)
FNDA:23,(anonymous_1)
FNDA:12,(anonymous_2)
FNDA:2,(anonymous_3)
FNDA:3,(anonymous_4)
FNDA:7,(anonymous_5)
FNDA:3,(anonymous_6)
FNDA:10,(anonymous_7)
FNDA:3,(anonymous_8)
FNDA:12,(anonymous_9)
DA:1,3
DA:2,3
DA:3,3
DA:4,3
DA:5,3
DA:6,23
DA:14,3
DA:15,12
DA:17,12
DA:18,3
DA:21,9
DA:29,9
DA:30,9
DA:34,3
DA:35,2
DA:39,3
DA:40,7
DA:42,3
DA:43,1
DA:46,2
DA:53,3
DA:54,3
DA:55,10
DA:58,3
DA:59,1
DA:62,2
DA:63,2
DA:64,2
DA:66,2
DA:70,3
DA:71,12
DA:73,3
DA:74,1
DA:77,2
DA:78,2
DA:82,3
DA:83,3
LF:37
LH:37
BRDA:5,0,0,6
BRDA:17,1,0,3
BRDA:17,1,1,9
BRDA:17,2,0,12
BRDA:17,2,1,11
BRDA:17,2,2,10
BRDA:42,3,0,1
BRDA:42,3,1,2
BRDA:58,4,0,1
BRDA:58,4,1,2
BRDA:62,5,0,2
BRDA:62,5,1,0
BRDA:63,6,0,1
BRDA:63,6,1,1
BRDA:64,7,0,1
BRDA:64,7,1,1
BRDA:73,8,0,1
BRDA:73,8,1,2
BRF:18
BRH:17
end_of_record
